<?xml version="1.0" encoding="UTF-8"?>
<testsuite xmlns:xsi="http://www.w3.org/2001/XMLSchema-instance" xsi:noNamespaceSchemaLocation="https://maven.apache.org/surefire/maven-surefire-plugin/xsd/surefire-test-report-3.0.xsd" version="3.0" name="com.securephone.client.audio.OpusCodecTest" time="0.067" tests="9" errors="0" skipped="0" failures="0">
  <properties>
[...]
</properties>
  <testcase name="testDecodeNull" classname="com.securephone.client.audio.OpusCodecTest" time="0.006"/>
  <testcase name="testEncodeNull" classname="com.securephone.client.audio.OpusCodecTest" time="0.002"/>
  <testcase name="testDecodeNotNull" classname="com.securephone.client.audio.OpusCodecTest" time="0"/>
  <testcase name="testEncodeDecode" classname="com.securephone.client.audio.OpusCodecTest" time="0"/>
  <testcase name="testDecodePreservesLength" classname="com.securephone.client.audio.OpusCodecTest" time="0"/>
  <testcase name="testDecodeEmptyArray" classname="com.securephone.client.audio.OpusCodecTest" time="0"/>
  <testcase name="testEncodeEmptyArray" classname="com.securephone.client.audio.OpusCodecTest" time="0"/>
  <testcase name="testEncodeNotNull" classname="com.securephone.client.audio.OpusCodecTest" time="0"/>
  <testcase name="testEncodePreservesLength" classname="com.securephone.client.audio.OpusCodecTest" time="0"/>
</testsuite>